<?xml version="1.0" encoding="UTF-8"?>
<!-- Generated by org.testng.reporters.JUnitReportReporter -->
<testsuite hostname="LAPTOP-04OCD766" failures="0" tests="1" name="testlayer.logintest" time="65.242" errors="0" timestamp="2022-04-09T00:00:48 GMT-07:00" skipped="0">
  <testcase classname="testlayer.logintest" name="init" time="65.242"/>
  <system-out/>
</testsuite> <!-- testlayer.logintest -->
